[debug] [2018-06-07T06:54:18.765Z] ----------------------------------------------------------------------
[debug] [2018-06-07T06:54:18.767Z] Command:       /usr/bin/nodejs /usr/bin/firebase deploy
[debug] [2018-06-07T06:54:18.767Z] CLI Version:   3.18.6
[debug] [2018-06-07T06:54:18.767Z] Platform:      linux
[debug] [2018-06-07T06:54:18.767Z] Node Version:  v7.10.1
[debug] [2018-06-07T06:54:18.767Z] Time:          Thu Jun 07 2018 00:54:18 GMT-0600 (MDT)
[debug] [2018-06-07T06:54:18.767Z] ----------------------------------------------------------------------
[debug] 
[debug] [2018-06-07T06:54:18.775Z] > command requires scopes: ["email","openid","https://www.googleapis.com/auth/cloudplatformprojects.readonly","https://www.googleapis.com/auth/firebase","https://www.googleapis.com/auth/cloud-platform"]
[debug] [2018-06-07T06:54:18.775Z] > authorizing via signed-in user
[debug] [2018-06-07T06:54:18.776Z] > refreshing access token with scopes: ["email","https://www.googleapis.com/auth/cloud-platform","https://www.googleapis.com/auth/cloudplatformprojects.readonly","https://www.googleapis.com/auth/firebase","openid"]
[debug] [2018-06-07T06:54:18.777Z] >>> HTTP REQUEST POST https://www.googleapis.com/oauth2/v3/token  
 { refresh_token: '1/k81qjwcggIQPJ3IdSetgiD0Y5WZ3G-1nzSS8N7TZ69s',
  client_id: '563584335869-fgrhgmd47bqnekij5i8b5pr03ho849e6.apps.googleusercontent.com',
  client_secret: 'j9iVZfS8kkCEFUPaAeJV0sAi',
  grant_type: 'refresh_token',
  scope: 'email https://www.googleapis.com/auth/cloud-platform https://www.googleapis.com/auth/cloudplatformprojects.readonly https://www.googleapis.com/auth/firebase openid' } 
 Thu Jun 07 2018 00:54:18 GMT-0600 (MDT)
[debug] [2018-06-07T06:54:18.996Z] <<< HTTP RESPONSE 200
[debug] [2018-06-07T06:54:19.002Z] >>> HTTP REQUEST GET https://admin.firebase.com/v1/projects/staticauthdemo  
  
 Thu Jun 07 2018 00:54:19 GMT-0600 (MDT)
[debug] [2018-06-07T06:54:19.550Z] <<< HTTP RESPONSE 200
[debug] [2018-06-07T06:54:19.552Z] >>> HTTP REQUEST GET https://admin.firebase.com/v1/database/staticauthdemo/tokens  
  
 Thu Jun 07 2018 00:54:19 GMT-0600 (MDT)
[debug] [2018-06-07T06:54:20.471Z] <<< HTTP RESPONSE 200
